生成启动时间为 2024/1/5 15:55:32。
     1>项目“F:\mycode\sourceCC++\learnOpengl\learnOpengl\learnOpengl.vcxproj”在节点 2 上(Build 个目标)。
     1>ClCompile:
         C:\Program Files (x86)\Microsoft Visual Studio 14.0\VC\bin\x86_amd64\CL.exe /c /ZI /nologo /W3 /WX- /sdl /Od /D _MBCS /Gm /EHsc /RTC1 /MDd /GS /fp:precise /Zc:wchar_t /Zc:forScope /Zc:inline /Fo"x64\Debug\\" /Fd"x64\Debug\vc140.pdb" /Gd /TC /errorReport:prompt glad.c
         glad.c
         C:\Program Files (x86)\Microsoft Visual Studio 14.0\VC\bin\x86_amd64\CL.exe /c /ZI /nologo /W3 /WX- /sdl /Od /D _MBCS /Gm /EHsc /RTC1 /MDd /GS /fp:precise /Zc:wchar_t /Zc:forScope /Zc:inline /Fo"x64\Debug\\" /Fd"x64\Debug\vc140.pdb" /Gd /TP /errorReport:prompt OpenglDemo.cpp OpenglDemo1_2.cpp OpenglDemo1_3.cpp OpenglDemo1_4.cpp OpenglDemo1_5.cpp OpenglDemo1_6.cpp openglTour\main.cpp shader.cpp stb_image.cpp
         stb_image.cpp
         shader.cpp
         main.cpp
         OpenglDemo1_6.cpp
     1>f:\mycode\sourcecc++\learnopengl\learnopengl\opengldemo1_6.cpp(260): warning C4244: “初始化”: 从“double”转换到“float”，可能丢失数据
     1>f:\mycode\sourcecc++\learnopengl\learnopengl\opengldemo1_6.cpp(261): warning C4244: “初始化”: 从“double”转换到“float”，可能丢失数据
     1>f:\mycode\sourcecc++\learnopengl\learnopengl\opengldemo1_6.cpp(428): warning C4244: “初始化”: 从“double”转换到“float”，可能丢失数据
     1>f:\mycode\sourcecc++\learnopengl\learnopengl\opengldemo1_6.cpp(493): warning C4244: “=”: 从“double”转换到“float”，可能丢失数据
     1>f:\mycode\sourcecc++\learnopengl\learnopengl\opengldemo1_6.cpp(494): warning C4244: “=”: 从“double”转换到“float”，可能丢失数据
     1>f:\mycode\sourcecc++\learnopengl\learnopengl\opengldemo1_6.cpp(498): warning C4244: “初始化”: 从“double”转换到“float”，可能丢失数据
     1>f:\mycode\sourcecc++\learnopengl\learnopengl\opengldemo1_6.cpp(499): warning C4244: “初始化”: 从“double”转换到“float”，可能丢失数据
     1>f:\mycode\sourcecc++\learnopengl\learnopengl\opengldemo1_6.cpp(500): warning C4244: “=”: 从“double”转换到“float”，可能丢失数据
     1>f:\mycode\sourcecc++\learnopengl\learnopengl\opengldemo1_6.cpp(501): warning C4244: “=”: 从“double”转换到“float”，可能丢失数据
     1>f:\mycode\sourcecc++\learnopengl\learnopengl\opengldemo1_6.cpp(503): warning C4305: “初始化”: 从“double”到“float”截断
     1>f:\mycode\sourcecc++\learnopengl\learnopengl\opengldemo1_6.cpp(652): warning C4244: “初始化”: 从“double”转换到“float”，可能丢失数据
         OpenglDemo1_5.cpp
         OpenglDemo1_4.cpp
     1>f:\mycode\sourcecc++\learnopengl\learnopengl\opengldemo1_4.cpp(329): warning C4244: “初始化”: 从“double”转换到“float”，可能丢失数据
         OpenglDemo1_3.cpp
         OpenglDemo1_2.cpp
     1>f:\mycode\sourcecc++\learnopengl\learnopengl\opengldemo1_2.cpp(210): warning C4244: “初始化”: 从“double”转换到“float”，可能丢失数据
     1>f:\mycode\sourcecc++\learnopengl\learnopengl\opengldemo1_2.cpp(559): warning C4244: “初始化”: 从“double”转换到“float”，可能丢失数据
     1>f:\mycode\sourcecc++\learnopengl\learnopengl\opengldemo1_2.cpp(566): warning C4244: “参数”: 从“double”转换到“GLfloat”，可能丢失数据
         OpenglDemo.cpp
         正在生成代码...
       Link:
         C:\Program Files (x86)\Microsoft Visual Studio 14.0\VC\bin\x86_amd64\link.exe /ERRORREPORT:PROMPT /OUT:"F:\mycode\sourceCC++\learnOpengl\x64\Debug\learnOpengl.exe" /INCREMENTAL /NOLOGO /LIBPATH:F:\mycode\sourceCC++\learnOpengl\opengl\lib kernel32.lib user32.lib gdi32.lib winspool.lib comdlg32.lib advapi32.lib shell32.lib ole32.lib oleaut32.lib uuid.lib odbc32.lib odbccp32.lib /MANIFEST /MANIFESTUAC:"level='asInvoker' uiAccess='false'" /manifest:embed /Debug /PDB:"F:\mycode\sourceCC++\learnOpengl\x64\Debug\learnOpengl.pdb" /TLBID:1 /DYNAMICBASE /NXCOMPAT /IMPLIB:"F:\mycode\sourceCC++\learnOpengl\x64\Debug\learnOpengl.lib" /MACHINE:X64 x64\Debug\glad.obj
         x64\Debug\OpenglDemo.obj
         x64\Debug\OpenglDemo1_2.obj
         x64\Debug\OpenglDemo1_3.obj
         x64\Debug\OpenglDemo1_4.obj
         x64\Debug\OpenglDemo1_5.obj
         x64\Debug\OpenglDemo1_6.obj
         x64\Debug\main.obj
         x64\Debug\shader.obj
         x64\Debug\stb_image.obj
     1>OpenglDemo1_5.obj : error LNK2001: 无法解析的外部符号 glfwInit
     1>OpenglDemo1_6.obj : error LNK2001: 无法解析的外部符号 glfwInit
     1>main.obj : error LNK2001: 无法解析的外部符号 glfwInit
     1>OpenglDemo.obj : error LNK2001: 无法解析的外部符号 glfwInit
     1>OpenglDemo1_2.obj : error LNK2001: 无法解析的外部符号 glfwInit
     1>OpenglDemo1_3.obj : error LNK2001: 无法解析的外部符号 glfwInit
     1>OpenglDemo1_4.obj : error LNK2001: 无法解析的外部符号 glfwInit
     1>OpenglDemo1_5.obj : error LNK2001: 无法解析的外部符号 glfwTerminate
     1>OpenglDemo1_6.obj : error LNK2001: 无法解析的外部符号 glfwTerminate
     1>main.obj : error LNK2001: 无法解析的外部符号 glfwTerminate
     1>OpenglDemo.obj : error LNK2001: 无法解析的外部符号 glfwTerminate
     1>OpenglDemo1_2.obj : error LNK2001: 无法解析的外部符号 glfwTerminate
     1>OpenglDemo1_3.obj : error LNK2001: 无法解析的外部符号 glfwTerminate
     1>OpenglDemo1_4.obj : error LNK2001: 无法解析的外部符号 glfwTerminate
     1>OpenglDemo1_5.obj : error LNK2001: 无法解析的外部符号 glfwWindowHint
     1>OpenglDemo1_6.obj : error LNK2001: 无法解析的外部符号 glfwWindowHint
     1>main.obj : error LNK2001: 无法解析的外部符号 glfwWindowHint
     1>OpenglDemo.obj : error LNK2001: 无法解析的外部符号 glfwWindowHint
     1>OpenglDemo1_2.obj : error LNK2001: 无法解析的外部符号 glfwWindowHint
     1>OpenglDemo1_3.obj : error LNK2001: 无法解析的外部符号 glfwWindowHint
     1>OpenglDemo1_4.obj : error LNK2001: 无法解析的外部符号 glfwWindowHint
     1>OpenglDemo1_5.obj : error LNK2001: 无法解析的外部符号 glfwCreateWindow
     1>OpenglDemo1_6.obj : error LNK2001: 无法解析的外部符号 glfwCreateWindow
     1>main.obj : error LNK2001: 无法解析的外部符号 glfwCreateWindow
     1>OpenglDemo.obj : error LNK2001: 无法解析的外部符号 glfwCreateWindow
     1>OpenglDemo1_2.obj : error LNK2001: 无法解析的外部符号 glfwCreateWindow
     1>OpenglDemo1_3.obj : error LNK2001: 无法解析的外部符号 glfwCreateWindow
     1>OpenglDemo1_4.obj : error LNK2001: 无法解析的外部符号 glfwCreateWindow
     1>OpenglDemo1_5.obj : error LNK2001: 无法解析的外部符号 glfwWindowShouldClose
     1>OpenglDemo1_6.obj : error LNK2001: 无法解析的外部符号 glfwWindowShouldClose
     1>OpenglDemo.obj : error LNK2001: 无法解析的外部符号 glfwWindowShouldClose
     1>OpenglDemo1_2.obj : error LNK2001: 无法解析的外部符号 glfwWindowShouldClose
     1>OpenglDemo1_3.obj : error LNK2001: 无法解析的外部符号 glfwWindowShouldClose
     1>OpenglDemo1_4.obj : error LNK2001: 无法解析的外部符号 glfwWindowShouldClose
     1>OpenglDemo1_5.obj : error LNK2001: 无法解析的外部符号 glfwSetWindowShouldClose
     1>OpenglDemo1_6.obj : error LNK2001: 无法解析的外部符号 glfwSetWindowShouldClose
     1>OpenglDemo.obj : error LNK2001: 无法解析的外部符号 glfwSetWindowShouldClose
     1>OpenglDemo1_2.obj : error LNK2001: 无法解析的外部符号 glfwSetWindowShouldClose
     1>OpenglDemo1_3.obj : error LNK2001: 无法解析的外部符号 glfwSetWindowShouldClose
     1>OpenglDemo1_4.obj : error LNK2001: 无法解析的外部符号 glfwSetWindowShouldClose
     1>OpenglDemo1_5.obj : error LNK2001: 无法解析的外部符号 glfwSetFramebufferSizeCallback
     1>OpenglDemo1_6.obj : error LNK2001: 无法解析的外部符号 glfwSetFramebufferSizeCallback
     1>OpenglDemo.obj : error LNK2001: 无法解析的外部符号 glfwSetFramebufferSizeCallback
     1>OpenglDemo1_2.obj : error LNK2001: 无法解析的外部符号 glfwSetFramebufferSizeCallback
     1>OpenglDemo1_3.obj : error LNK2001: 无法解析的外部符号 glfwSetFramebufferSizeCallback
     1>OpenglDemo1_4.obj : error LNK2001: 无法解析的外部符号 glfwSetFramebufferSizeCallback
     1>OpenglDemo1_5.obj : error LNK2001: 无法解析的外部符号 glfwPollEvents
     1>OpenglDemo1_6.obj : error LNK2001: 无法解析的外部符号 glfwPollEvents
     1>OpenglDemo.obj : error LNK2001: 无法解析的外部符号 glfwPollEvents
     1>OpenglDemo1_2.obj : error LNK2001: 无法解析的外部符号 glfwPollEvents
     1>OpenglDemo1_3.obj : error LNK2001: 无法解析的外部符号 glfwPollEvents
     1>OpenglDemo1_4.obj : error LNK2001: 无法解析的外部符号 glfwPollEvents
     1>OpenglDemo1_5.obj : error LNK2001: 无法解析的外部符号 glfwGetKey
     1>OpenglDemo1_6.obj : error LNK2001: 无法解析的外部符号 glfwGetKey
     1>OpenglDemo.obj : error LNK2001: 无法解析的外部符号 glfwGetKey
     1>OpenglDemo1_2.obj : error LNK2001: 无法解析的外部符号 glfwGetKey
     1>OpenglDemo1_3.obj : error LNK2001: 无法解析的外部符号 glfwGetKey
     1>OpenglDemo1_4.obj : error LNK2001: 无法解析的外部符号 glfwGetKey
     1>OpenglDemo1_5.obj : error LNK2001: 无法解析的外部符号 glfwMakeContextCurrent
     1>OpenglDemo1_6.obj : error LNK2001: 无法解析的外部符号 glfwMakeContextCurrent
     1>main.obj : error LNK2001: 无法解析的外部符号 glfwMakeContextCurrent
     1>OpenglDemo.obj : error LNK2001: 无法解析的外部符号 glfwMakeContextCurrent
     1>OpenglDemo1_2.obj : error LNK2001: 无法解析的外部符号 glfwMakeContextCurrent
     1>OpenglDemo1_3.obj : error LNK2001: 无法解析的外部符号 glfwMakeContextCurrent
     1>OpenglDemo1_4.obj : error LNK2001: 无法解析的外部符号 glfwMakeContextCurrent
     1>OpenglDemo1_5.obj : error LNK2001: 无法解析的外部符号 glfwSwapBuffers
     1>OpenglDemo1_6.obj : error LNK2001: 无法解析的外部符号 glfwSwapBuffers
     1>OpenglDemo.obj : error LNK2001: 无法解析的外部符号 glfwSwapBuffers
     1>OpenglDemo1_2.obj : error LNK2001: 无法解析的外部符号 glfwSwapBuffers
     1>OpenglDemo1_3.obj : error LNK2001: 无法解析的外部符号 glfwSwapBuffers
     1>OpenglDemo1_4.obj : error LNK2001: 无法解析的外部符号 glfwSwapBuffers
     1>OpenglDemo1_5.obj : error LNK2001: 无法解析的外部符号 glfwGetProcAddress
     1>OpenglDemo1_6.obj : error LNK2001: 无法解析的外部符号 glfwGetProcAddress
     1>OpenglDemo.obj : error LNK2001: 无法解析的外部符号 glfwGetProcAddress
     1>OpenglDemo1_2.obj : error LNK2001: 无法解析的外部符号 glfwGetProcAddress
     1>OpenglDemo1_3.obj : error LNK2001: 无法解析的外部符号 glfwGetProcAddress
     1>OpenglDemo1_4.obj : error LNK2001: 无法解析的外部符号 glfwGetProcAddress
     1>OpenglDemo1_2.obj : error LNK2019: 无法解析的外部符号 glfwGetTime，该符号在函数 "public: void __cdecl COpenglDemo1_2::move_trangle_pos(void)" (?move_trangle_pos@COpenglDemo1_2@@QEAAXXZ) 中被引用
     1>OpenglDemo1_4.obj : error LNK2001: 无法解析的外部符号 glfwGetTime
     1>OpenglDemo1_5.obj : error LNK2001: 无法解析的外部符号 glfwGetTime
     1>OpenglDemo1_6.obj : error LNK2001: 无法解析的外部符号 glfwGetTime
     1>OpenglDemo1_6.obj : error LNK2019: 无法解析的外部符号 glfwSetInputMode，该符号在函数 "public: void __cdecl COpenglDemo1_6::camera_mouse(void)" (?camera_mouse@COpenglDemo1_6@@QEAAXXZ) 中被引用
     1>OpenglDemo1_6.obj : error LNK2019: 无法解析的外部符号 glfwSetCursorPosCallback，该符号在函数 "public: void __cdecl COpenglDemo1_6::camera_mouse(void)" (?camera_mouse@COpenglDemo1_6@@QEAAXXZ) 中被引用
     1>main.obj : error LNK2019: 无法解析的外部符号 __imp_glewInit，该符号在函数 main 中被引用
     1>main.obj : error LNK2001: 无法解析的外部符号 __imp_glewExperimental
     1>F:\mycode\sourceCC++\learnOpengl\x64\Debug\learnOpengl.exe : fatal error LNK1120: 17 个无法解析的外部命令
     1>已完成生成项目“F:\mycode\sourceCC++\learnOpengl\learnOpengl\learnOpengl.vcxproj”(Build 个目标)的操作 - 失败。

生成失败。

已用时间 00:00:04.69
