生成启动时间为 2024/1/5 16:21:52。
     1>项目“F:\mycode\sourceCC++\learnOpengl\learnOpengl\learnOpengl.vcxproj”在节点 2 上(Build 个目标)。
     1>ClCompile:
         C:\Program Files (x86)\Microsoft Visual Studio 14.0\VC\bin\x86_amd64\CL.exe /c /IF:\mycode\sourceCC++\learnOpengl\opengl\include /Zi /nologo /W3 /WX- /sdl /O2 /Oi /GL /D _MBCS /Gm- /EHsc /MD /GS /Gy /fp:precise /Zc:wchar_t /Zc:forScope /Zc:inline /Fo"x64\Release\\" /Fd"x64\Release\vc140.pdb" /Gd /TP /errorReport:prompt openglTour\main.cpp
         main.cpp
       Link:
         C:\Program Files (x86)\Microsoft Visual Studio 14.0\VC\bin\x86_amd64\link.exe /ERRORREPORT:PROMPT /OUT:"F:\mycode\sourceCC++\learnOpengl\x64\Release\learnOpengl.exe" /NOLOGO glfw3.lib opengl32.lib glew32s.lib kernel32.lib user32.lib gdi32.lib winspool.lib comdlg32.lib advapi32.lib shell32.lib ole32.lib oleaut32.lib uuid.lib odbc32.lib odbccp32.lib /MANIFEST /MANIFESTUAC:"level='asInvoker' uiAccess='false'" /manifest:embed /Debug /PDB:"F:\mycode\sourceCC++\learnOpengl\x64\Release\learnOpengl.pdb" /OPT:REF /OPT:ICF /LTCG:incremental /TLBID:1 /DYNAMICBASE /NXCOMPAT /IMPLIB:"F:\mycode\sourceCC++\learnOpengl\x64\Release\learnOpengl.lib" /MACHINE:X64 x64\Release\glad.obj
         x64\Release\OpenglDemo.obj
         x64\Release\OpenglDemo1_2.obj
         x64\Release\OpenglDemo1_3.obj
         x64\Release\OpenglDemo1_4.obj
         x64\Release\OpenglDemo1_5.obj
         x64\Release\OpenglDemo1_6.obj
         x64\Release\main.obj
         x64\Release\shader.obj
         x64\Release\stb_image.obj
     1>LINK : warning LNK4098: 默认库“MSVCRTD”与其他库的使用冲突；请使用 /NODEFAULTLIB:library
     1>LINK : warning LNK4098: 默认库“LIBCMT”与其他库的使用冲突；请使用 /NODEFAULTLIB:library
         正在生成代码
         1 of 157 functions ( 0.6%) were compiled, the rest were copied from previous compilation.
           0 functions were new in current compilation
           0 functions had inline decision re-evaluated but remain unchanged
         已完成代码的生成
     1>glfw3.lib(context.obj) : warning LNK4099: 未找到 PDB“glfw.pdb”(使用“glfw3.lib(context.obj)”或在“F:\mycode\sourceCC++\learnOpengl\x64\Release\glfw.pdb”中寻找)；正在链接对象，如同没有调试信息一样
     1>glfw3.lib(init.obj) : warning LNK4099: 未找到 PDB“glfw.pdb”(使用“glfw3.lib(init.obj)”或在“F:\mycode\sourceCC++\learnOpengl\x64\Release\glfw.pdb”中寻找)；正在链接对象，如同没有调试信息一样
     1>glfw3.lib(input.obj) : warning LNK4099: 未找到 PDB“glfw.pdb”(使用“glfw3.lib(input.obj)”或在“F:\mycode\sourceCC++\learnOpengl\x64\Release\glfw.pdb”中寻找)；正在链接对象，如同没有调试信息一样
     1>glfw3.lib(monitor.obj) : warning LNK4099: 未找到 PDB“glfw.pdb”(使用“glfw3.lib(monitor.obj)”或在“F:\mycode\sourceCC++\learnOpengl\x64\Release\glfw.pdb”中寻找)；正在链接对象，如同没有调试信息一样
     1>glfw3.lib(vulkan.obj) : warning LNK4099: 未找到 PDB“glfw.pdb”(使用“glfw3.lib(vulkan.obj)”或在“F:\mycode\sourceCC++\learnOpengl\x64\Release\glfw.pdb”中寻找)；正在链接对象，如同没有调试信息一样
     1>glfw3.lib(window.obj) : warning LNK4099: 未找到 PDB“glfw.pdb”(使用“glfw3.lib(window.obj)”或在“F:\mycode\sourceCC++\learnOpengl\x64\Release\glfw.pdb”中寻找)；正在链接对象，如同没有调试信息一样
     1>glfw3.lib(win32_init.obj) : warning LNK4099: 未找到 PDB“glfw.pdb”(使用“glfw3.lib(win32_init.obj)”或在“F:\mycode\sourceCC++\learnOpengl\x64\Release\glfw.pdb”中寻找)；正在链接对象，如同没有调试信息一样
     1>glfw3.lib(win32_joystick.obj) : warning LNK4099: 未找到 PDB“glfw.pdb”(使用“glfw3.lib(win32_joystick.obj)”或在“F:\mycode\sourceCC++\learnOpengl\x64\Release\glfw.pdb”中寻找)；正在链接对象，如同没有调试信息一样
     1>glfw3.lib(win32_monitor.obj) : warning LNK4099: 未找到 PDB“glfw.pdb”(使用“glfw3.lib(win32_monitor.obj)”或在“F:\mycode\sourceCC++\learnOpengl\x64\Release\glfw.pdb”中寻找)；正在链接对象，如同没有调试信息一样
     1>glfw3.lib(win32_time.obj) : warning LNK4099: 未找到 PDB“glfw.pdb”(使用“glfw3.lib(win32_time.obj)”或在“F:\mycode\sourceCC++\learnOpengl\x64\Release\glfw.pdb”中寻找)；正在链接对象，如同没有调试信息一样
     1>glfw3.lib(win32_thread.obj) : warning LNK4099: 未找到 PDB“glfw.pdb”(使用“glfw3.lib(win32_thread.obj)”或在“F:\mycode\sourceCC++\learnOpengl\x64\Release\glfw.pdb”中寻找)；正在链接对象，如同没有调试信息一样
     1>glfw3.lib(win32_window.obj) : warning LNK4099: 未找到 PDB“glfw.pdb”(使用“glfw3.lib(win32_window.obj)”或在“F:\mycode\sourceCC++\learnOpengl\x64\Release\glfw.pdb”中寻找)；正在链接对象，如同没有调试信息一样
     1>glfw3.lib(wgl_context.obj) : warning LNK4099: 未找到 PDB“glfw.pdb”(使用“glfw3.lib(wgl_context.obj)”或在“F:\mycode\sourceCC++\learnOpengl\x64\Release\glfw.pdb”中寻找)；正在链接对象，如同没有调试信息一样
     1>glfw3.lib(egl_context.obj) : warning LNK4099: 未找到 PDB“glfw.pdb”(使用“glfw3.lib(egl_context.obj)”或在“F:\mycode\sourceCC++\learnOpengl\x64\Release\glfw.pdb”中寻找)；正在链接对象，如同没有调试信息一样
     1>glfw3.lib(osmesa_context.obj) : warning LNK4099: 未找到 PDB“glfw.pdb”(使用“glfw3.lib(osmesa_context.obj)”或在“F:\mycode\sourceCC++\learnOpengl\x64\Release\glfw.pdb”中寻找)；正在链接对象，如同没有调试信息一样
     1>glew32s.lib(glew.obj) : warning LNK4099: 未找到 PDB“vc120.pdb”(使用“glew32s.lib(glew.obj)”或在“F:\mycode\sourceCC++\learnOpengl\x64\Release\vc120.pdb”中寻找)；正在链接对象，如同没有调试信息一样
         learnOpengl.vcxproj -> F:\mycode\sourceCC++\learnOpengl\x64\Release\learnOpengl.exe
     1>已完成生成项目“F:\mycode\sourceCC++\learnOpengl\learnOpengl\learnOpengl.vcxproj”(Build 个目标)的操作。

已成功生成。

已用时间 00:00:01.03
